#
# There is insufficient memory for the Java Runtime Environment to continue.
# Native memory allocation (mmap) failed to map 234881024 bytes for G1 virtual space
# Possible reasons:
#   The system is out of physical RAM or swap space
#   The process is running with CompressedOops enabled, and the Java Heap may be blocking the growth of the native heap
# Possible solutions:
#   Reduce memory load on the system
#   Increase physical memory or swap space
#   Check if swap backing store is full
#   Decrease Java heap size (-Xmx/-Xms)
#   Decrease number of Java threads
#   Decrease Java thread stack sizes (-Xss)
#   Set larger code cache with -XX:ReservedCodeCacheSize=
#   JVM is running with Zero Based Compressed Oops mode in which the Java heap is
#     placed in the first 32GB address space. The Java Heap base address is the
#     maximum limit for the native heap growth. Please use -XX:HeapBaseMinAddress
#     to set the Java Heap base and to place the Java Heap above 32GB virtual address.
# This output file may be truncated or incomplete.
#
#  Out of Memory Error (os_windows.cpp:3825), pid=10148, tid=13540
#
# JRE version:  (17.0.9) (build )
# Java VM: OpenJDK 64-Bit Server VM (17.0.9+0--11185874, mixed mode, sharing, tiered, compressed oops, compressed class ptrs, g1 gc, windows-amd64)
# No core dump will be written. Minidumps are not enabled by default on client versions of Windows
#

---------------  S U M M A R Y ------------

Command Line: org.jetbrains.kotlin.cli.jvm.K2JVMCompiler @C:\java\LuckyWheel\app\build\20240519_196170831104835536.compiler.options

Host: AMD Ryzen 7 3700U with Radeon Vega Mobile Gfx  , 8 cores, 13G,  Windows 10 , 64 bit Build 19041 (10.0.19041.3636)
Time: Sun May 19 23:06:13 2024 GMT Daylight Time elapsed time: 0.014763 seconds (0d 0h 0m 0s)

---------------  T H R E A D  ---------------

Current thread (0x00000237f63dd910):  JavaThread "Unknown thread" [_thread_in_vm, id=13540, stack(0x000000bbda900000,0x000000bbdaa00000)]

Stack: [0x000000bbda900000,0x000000bbdaa00000]
Native frames: (J=compiled Java code, j=interpreted, Vv=VM code, C=native code)
V  [jvm.dll+0x6886e9]
V  [jvm.dll+0x841e4a]
V  [jvm.dll+0x843a8e]
V  [jvm.dll+0x8440f3]
V  [jvm.dll+0x24c14f]
V  [jvm.dll+0x685499]
V  [jvm.dll+0x679c2a]
V  [jvm.dll+0x30cf9b]
V  [jvm.dll+0x314446]
V  [jvm.dll+0x36425e]
V  [jvm.dll+0x36448f]
V  [jvm.dll+0x2e2d68]
V  [jvm.dll+0x2e3cd4]
V  [jvm.dll+0x8129f1]
V  [jvm.dll+0x3720c1]
V  [jvm.dll+0x7f152c]
V  [jvm.dll+0x3f5d4f]
V  [jvm.dll+0x3f7981]
C  [jli.dll+0x528f]
C  [ucrtbase.dll+0x21bb2]
C  [KERNEL32.DLL+0x17344]
C  [ntdll.dll+0x526b1]


---------------  P R O C E S S  ---------------

Threads class SMR info:
_java_thread_list=0x00007ff8884eef18, length=0, elements={
}

Java Threads: ( => current thread )

Other Threads:
  0x00000237f6440c40 GCTaskThread "GC Thread#0" [stack: 0x000000bbdaa00000,0x000000bbdab00000] [id=6052]
  0x00000237f644fa50 ConcurrentGCThread "G1 Main Marker" [stack: 0x000000bbdab00000,0x000000bbdac00000] [id=12640]
  0x00000237f6450470 ConcurrentGCThread "G1 Conc#0" [stack: 0x000000bbdac00000,0x000000bbdad00000] [id=7024]

[error occurred during error reporting (printing all threads), id 0xc0000005, EXCEPTION_ACCESS_VIOLATION (0xc0000005) at pc=0x00007ff887ca3937]

VM state: not at safepoint (not fully initialized)

VM Mutex/Monitor currently owned by a thread:  ([mutex/lock_event])
[0x00000237f63da4e0] Heap_lock - owner thread: 0x00000237f63dd910

Heap address: 0x0000000721400000, size: 3564 MB, Compressed Oops mode: Zero based, Oop shift amount: 3

CDS archive(s) mapped at: [0x0000000000000000-0x0000000000000000-0x0000000000000000), size 0, SharedBaseAddress: 0x0000000800000000, ArchiveRelocationMode: 1.
Narrow klass base: 0x0000000000000000, Narrow klass shift: 0, Narrow klass range: 0x0

GC Precious Log:
<Empty>

Heap:
 garbage-first heap   total 0K, used 0K [0x0000000721400000, 0x0000000800000000)
  region size 2048K, 0 young (0K), 0 survivors (0K)
 Metaspace       used 0K, committed 0K, reserved 0K
  class space    used 0K, committed 0K, reserved 0K

Heap Regions: E=young(eden), S=young(survivor), O=old, HS=humongous(starts), HC=humongous(continues), CS=collection set, F=free, OA=open archive, CA=closed archive, TAMS=top-at-mark-start (previous, next)

Card table byte_map: [0x00000237fa2f0000,0x00000237fa9f0000] _byte_map_base: 0x00000237f69e6000

Marking Bits (Prev, Next): (CMBitMap*) 0x00000237f6441260, (CMBitMap*) 0x00000237f64412a0
 Prev Bits: [0x00000237fb0f0000, 0x00000237fe8a0000)
 Next Bits: [0x000002378f000000, 0x00000237927b0000)

GC Heap History (0 events):
No events

Dll operation events (1 events):
Event: 0.009 Loaded shared library C:\Program Files\Android\Android Studio\jbr\bin\java.dll

Deoptimization events (0 events):
No events

Classes unloaded (0 events):
No events

Classes redefined (0 events):
No events

Internal exceptions (0 events):
No events

VM Operations (0 events):
No events

Events (0 events):
No events


Dynamic libraries:
0x00007ff641280000 - 0x00007ff64128a000 	C:\Program Files\Android\Android Studio\jbr\bin\java.exe
0x00007ff8fb9f0000 - 0x00007ff8fbbe8000 	C:\WINDOWS\SYSTEM32\ntdll.dll
0x00007ff8fb210000 - 0x00007ff8fb2cd000 	C:\WINDOWS\System32\KERNEL32.DLL
0x00007ff8f92f0000 - 0x00007ff8f95e6000 	C:\WINDOWS\System32\KERNELBASE.dll
0x00007ff8f9860000 - 0x00007ff8f9960000 	C:\WINDOWS\System32\ucrtbase.dll
0x00007ff8d7960000 - 0x00007ff8d7977000 	C:\Program Files\Android\Android Studio\jbr\bin\jli.dll
0x00007ff8f1480000 - 0x00007ff8f149b000 	C:\Program Files\Android\Android Studio\jbr\bin\VCRUNTIME140.dll
0x00007ff8fb810000 - 0x00007ff8fb9af000 	C:\WINDOWS\System32\USER32.dll
0x00007ff8f9830000 - 0x00007ff8f9852000 	C:\WINDOWS\System32\win32u.dll
0x00007ff8e1700000 - 0x00007ff8e199a000 	C:\WINDOWS\WinSxS\amd64_microsoft.windows.common-controls_6595b64144ccf1df_6.0.19041.4355_none_60b8b9eb71f62e16\COMCTL32.dll
0x00007ff8fb6b0000 - 0x00007ff8fb6db000 	C:\WINDOWS\System32\GDI32.dll
0x00007ff8f9f60000 - 0x00007ff8f9ffe000 	C:\WINDOWS\System32\msvcrt.dll
0x00007ff8f9130000 - 0x00007ff8f9247000 	C:\WINDOWS\System32\gdi32full.dll
0x00007ff8f9250000 - 0x00007ff8f92ed000 	C:\WINDOWS\System32\msvcp_win.dll
0x00007ff8fa990000 - 0x00007ff8fa9c2000 	C:\WINDOWS\System32\IMM32.DLL
0x00007ff8f3860000 - 0x00007ff8f386c000 	C:\Program Files\Android\Android Studio\jbr\bin\vcruntime140_1.dll
0x00007ff8da8b0000 - 0x00007ff8da93d000 	C:\Program Files\Android\Android Studio\jbr\bin\msvcp140.dll
0x00007ff8879b0000 - 0x00007ff888633000 	C:\Program Files\Android\Android Studio\jbr\bin\server\jvm.dll
0x00007ff8fb160000 - 0x00007ff8fb210000 	C:\WINDOWS\System32\ADVAPI32.dll
0x00007ff8fb480000 - 0x00007ff8fb520000 	C:\WINDOWS\System32\sechost.dll
0x00007ff8f9e30000 - 0x00007ff8f9f53000 	C:\WINDOWS\System32\RPCRT4.dll
0x00007ff8f9750000 - 0x00007ff8f9777000 	C:\WINDOWS\System32\bcrypt.dll
0x00007ff8f31a0000 - 0x00007ff8f31a9000 	C:\WINDOWS\SYSTEM32\WSOCK32.dll
0x00007ff8ee830000 - 0x00007ff8ee857000 	C:\WINDOWS\SYSTEM32\WINMM.dll
0x00007ff8f8ef0000 - 0x00007ff8f8f3b000 	C:\WINDOWS\SYSTEM32\POWRPROF.dll
0x00007ff8eeda0000 - 0x00007ff8eedaa000 	C:\WINDOWS\SYSTEM32\VERSION.dll
0x00007ff8fa300000 - 0x00007ff8fa36b000 	C:\WINDOWS\System32\WS2_32.dll
0x00007ff8f8ed0000 - 0x00007ff8f8ee2000 	C:\WINDOWS\SYSTEM32\UMPDC.dll
0x00007ff8f7870000 - 0x00007ff8f7882000 	C:\WINDOWS\SYSTEM32\kernel.appcore.dll
0x00007ff8eab60000 - 0x00007ff8eab6a000 	C:\Program Files\Android\Android Studio\jbr\bin\jimage.dll
0x00007ff8f6eb0000 - 0x00007ff8f7094000 	C:\WINDOWS\SYSTEM32\DBGHELP.DLL
0x00007ff8eb540000 - 0x00007ff8eb574000 	C:\WINDOWS\SYSTEM32\dbgcore.DLL
0x00007ff8f90a0000 - 0x00007ff8f9122000 	C:\WINDOWS\System32\bcryptPrimitives.dll
0x00007ff8d9cf0000 - 0x00007ff8d9d15000 	C:\Program Files\Android\Android Studio\jbr\bin\java.dll

dbghelp: loaded successfully - version: 4.0.5 - missing functions: none
symbol engine: initialized successfully - sym options: 0x614 - pdb path: .;C:\Program Files\Android\Android Studio\jbr\bin;C:\WINDOWS\SYSTEM32;C:\WINDOWS\WinSxS\amd64_microsoft.windows.common-controls_6595b64144ccf1df_6.0.19041.4355_none_60b8b9eb71f62e16;C:\Program Files\Android\Android Studio\jbr\bin\server

VM Arguments:
java_command: org.jetbrains.kotlin.cli.jvm.K2JVMCompiler @C:\java\LuckyWheel\app\build\20240519_196170831104835536.compiler.options
java_class_path (initial): C:\Users\Serg\.gradle\caches\modules-2\files-2.1\org.jetbrains.kotlin\kotlin-compiler-embeddable\1.9.0\2c8c3a7402becca891f12739b3e9fd2dc2adbd7a\kotlin-compiler-embeddable-1.9.0.jar;C:\Users\Serg\.gradle\caches\modules-2\files-2.1\org.jetbrains.kotlin\kotlin-stdlib\1.9.0\8ee15ef0c67dc83d874f412d84378d7f0eb50b63\kotlin-stdlib-1.9.0.jar;C:\Users\Serg\.gradle\caches\modules-2\files-2.1\org.jetbrains.kotlin\kotlin-script-runtime\1.9.0\4b3102cbbb7e1b58d9d1adf89563f00069ffa7d1\kotlin-script-runtime-1.9.0.jar;C:\Users\Serg\.gradle\caches\modules-2\files-2.1\org.jetbrains.kotlin\kotlin-reflect\1.6.10\1cbe9c92c12a94eea200d23c2bbaedaf3daf5132\kotlin-reflect-1.6.10.jar;C:\Users\Serg\.gradle\caches\modules-2\files-2.1\org.jetbrains.kotlin\kotlin-daemon-embeddable\1.9.0\186543f5e28cf8d9a0290fecc2cf34301c40a65c\kotlin-daemon-embeddable-1.9.0.jar;C:\Users\Serg\.gradle\caches\modules-2\files-2.1\org.jetbrains.intellij.deps\trove4j\1.0.20200330\3afb14d5f9ceb459d724e907a21145e8ff394f02\trove4j-1.0.20200330.jar;C:\Users\Serg\.gradle\caches\modules-2\files-2.1\org.jetbrains.kotlin\kotlin-stdlib-common\1.9.0\cd65c21cfd1eec4d44ef09f9f52b6d9f8a720636\kotlin-stdlib-common-1.9.0.jar;C:\Users\Serg\.gradle\caches\modules-2\files-2.1\org.jetbrains\annotations\13.0\919f0dfe192fb4e063e7dacadee7f8bb9a2672a9\annotations-13.0.jar
Launcher Type: SUN_STANDARD

[Global flags]
     intx CICompilerCount                          = 4                                         {product} {ergonomic}
     uint ConcGCThreads                            = 2                                         {product} {ergonomic}
     uint G1ConcRefinementThreads                  = 8                                         {product} {ergonomic}
   size_t G1HeapRegionSize                         = 2097152                                   {product} {ergonomic}
    uintx GCDrainStackTargetSize                   = 64                                        {product} {ergonomic}
   size_t InitialHeapSize                          = 234881024                                 {product} {ergonomic}
   size_t MarkStackSize                            = 4194304                                   {product} {ergonomic}
   size_t MaxHeapSize                              = 3737124864                                {product} {ergonomic}
   size_t MinHeapDeltaBytes                        = 2097152                                   {product} {ergonomic}
   size_t MinHeapSize                              = 8388608                                   {product} {ergonomic}
    uintx NonNMethodCodeHeapSize                   = 5839372                                {pd product} {ergonomic}
    uintx NonProfiledCodeHeapSize                  = 122909434                              {pd product} {ergonomic}
    uintx ProfiledCodeHeapSize                     = 122909434                              {pd product} {ergonomic}
    uintx ReservedCodeCacheSize                    = 251658240                              {pd product} {ergonomic}
     bool SegmentedCodeCache                       = true                                      {product} {ergonomic}
   size_t SoftMaxHeapSize                          = 3737124864                             {manageable} {ergonomic}
     bool UseCompressedClassPointers               = true                           {product lp64_product} {ergonomic}
     bool UseCompressedOops                        = true                           {product lp64_product} {ergonomic}
     bool UseG1GC                                  = true                                      {product} {ergonomic}
     bool UseLargePagesIndividualAllocation        = false                                  {pd product} {ergonomic}

Logging:
Log output configuration:
 #0: stdout all=warning uptime,level,tags
 #1: stderr all=off uptime,level,tags

Environment Variables:
JAVA_HOME=C:\Program Files\Java\jdk1.8.0_341
PATH=C:\Program Files (x86)\Cuminas\Document Express DjVu Plug-in\;C:\WINDOWS\system32;C:\WINDOWS;C:\WINDOWS\System32\Wbem;C:\WINDOWS\System32\WindowsPowerShell\v1.0\;C:\WINDOWS\System32\OpenSSH\;C:\Program Files\Git\cmd;C:\Program Files (x86)\Yarn\bin\;C:\Program Files\nodejs\;C:\Program Files\Java\jdk1.8.0_341\bin;C:\ProgramData\chocolatey\bin;C:\python\mongodb-database-tools-windows-x86_64-100.7.0\bin;C:\Users\Serg\AppData\Local\Programs\Python\Python39\Scripts\;C:\Users\Serg\AppData\Local\Programs\Python\Python39\;C:\Users\Serg\AppData\Local\Microsoft\WindowsApps;C:\Users\Serg\AppData\Local\Yarn\bin;C:\Users\Serg\AppData\Local\Programs\Microsoft VS Code\bin;C:\Program Files\heroku\bin;C:\Exercism;C:\Users\Serg\AppData\Roaming\npm;C:\Users\Serg\.jdks\openjdk-18.0.1.1\bin;C:\src\flutter\bin;C:\Users\Serg\AppData\Local\JetBrains\Toolbox\scripts;C:\Program Files\PostgreSQL\15\bin;
USERNAME=Serg
OS=Windows_NT
PROCESSOR_IDENTIFIER=AMD64 Family 23 Model 24 Stepping 1, AuthenticAMD
TMP=C:\Users\Serg\AppData\Local\Temp
TEMP=C:\Users\Serg\AppData\Local\Temp



Periodic native trim disabled

JNI global refs:
JNI global refs: 0, weak refs: 0

JNI global refs memory usage: 0, weak refs: 0

OOME stack traces (most recent first):
Classloader memory used:


---------------  S Y S T E M  ---------------

OS:
 Windows 10 , 64 bit Build 19041 (10.0.19041.3636)
OS uptime: 3 days 22:55 hours
Hyper-V role detected

CPU: total 8 (initial active 8) (8 cores per cpu, 2 threads per core) family 23 model 24 stepping 1 microcode 0x0, cx8, cmov, fxsr, ht, mmx, 3dnowpref, sse, sse2, sse3, ssse3, sse4a, sse4.1, sse4.2, popcnt, lzcnt, tsc, tscinvbit, avx, avx2, aes, clmul, bmi1, bmi2, adx, sha, fma, vzeroupper, clflush, clflushopt, hv
Processor Information for all 8 processors :
  Max Mhz: 2300, Current Mhz: 2300, Mhz Limit: 2300

Memory: 4k page, system-wide physical 14249M (562M free)
TotalPageFile size 51594M (AvailPageFile size 163M)
current process WorkingSet (physical memory assigned to process): 10M, peak: 10M
current process commit charge ("private bytes"): 60M, peak: 284M

vm_info: OpenJDK 64-Bit Server VM (17.0.9+0--11185874) for windows-amd64 JRE (17.0.9+0--11185874), built on Dec  6 2023 18:57:44 by "androidbuild" with MS VC++ 16.10 / 16.11 (VS2019)

END.
